<?xml version="1.0" encoding="UTF-8"?>
<testsuite xmlns:xsi="http://www.w3.org/2001/XMLSchema-instance" xsi:noNamespaceSchemaLocation="https://maven.apache.org/surefire/maven-surefire-plugin/xsd/surefire-test-report-3.0.xsd" version="3.0" name="com.activationmanager.sdk.ActivationManagerClientTest" time="0.157" tests="4" errors="0" skipped="0" failures="0">
  <properties>
[...]
</properties>
  <testcase name="consumeNoRetryWithoutRequestId" classname="com.activationmanager.sdk.ActivationManagerClientTest" time="0.138"/>
  <testcase name="activateSuccess" classname="com.activationmanager.sdk.ActivationManagerClientTest" time="0.003"/>
  <testcase name="businessFailurePassthrough" classname="com.activationmanager.sdk.ActivationManagerClientTest" time="0.002"/>
  <testcase name="consumeRetriesWithRequestId" classname="com.activationmanager.sdk.ActivationManagerClientTest" time="0.004"/>
</testsuite>