<?xml version="1.0" encoding="UTF-8"?>
<testsuite xmlns:xsi="http://www.w3.org/2001/XMLSchema-instance" xsi:noNamespaceSchemaLocation="https://maven.apache.org/surefire/maven-surefire-plugin/xsd/surefire-test-report-3.0.xsd" version="3.0" name="com.activationmanager.sdk.ActivationManagerClientTest" time="0.208" tests="4" errors="0" skipped="0" failures="0">
  <properties>
[...]
</properties>
  <testcase name="consumeNoRetryWithoutRequestId" classname="com.activationmanager.sdk.ActivationManagerClientTest" time="0.126"/>
  <testcase name="activateSuccessAndSignature" classname="com.activationmanager.sdk.ActivationManagerClientTest" time="0.008"/>
  <testcase name="businessFailurePassthrough" classname="com.activationmanager.sdk.ActivationManagerClientTest" time="0.003"/>
  <testcase name="consumeRetriesWithRequestId" classname="com.activationmanager.sdk.ActivationManagerClientTest" time="0.046"/>
</testsuite>